<?xml version="1.0" encoding="UTF-8"?>
<!-- Generated by org.testng.reporters.JUnitXMLReporter -->
<testsuite hostname="JUELAHMEDD814" ignored="0" name="Automation Practice App Test Cases" tests="5" failures="0" timestamp="18 May 2019 18:28:34 GMT" time="0.655" errors="0">
  <testcase name="@BeforeMethod setUpdriver" time="0.078" classname="com.ap.ui.testcases.ContactTest">
    <failure type="java.lang.NullPointerException">
      <![CDATA[java.lang.NullPointerException
	at com.ap.ui.base.TestBase.initialization(TestBase.java:40)
	at com.ap.ui.testcases.ContactTest.setUpdriver(ContactTest.java:31)
... Removed 27 stack frames]]>
    </failure>
  </testcase> <!-- @BeforeMethod setUpdriver -->
  <testcase name="@BeforeMethod setUpdriver" time="0.0" classname="com.ap.ui.testcases.LoginTest">
    <failure type="java.lang.NullPointerException">
      <![CDATA[java.lang.NullPointerException
	at com.ap.ui.base.TestBase.initialization(TestBase.java:40)
	at com.ap.ui.testcases.LoginTest.setUpdriver(LoginTest.java:26)
... Removed 27 stack frames]]>
    </failure>
  </testcase> <!-- @BeforeMethod setUpdriver -->
  <testcase name="@BeforeMethod setUpdriver" time="0.0" classname="com.ap.ui.testcases.LoginTest">
    <skipped/>
  </testcase> <!-- @BeforeMethod setUpdriver -->
  <testcase name="@BeforeMethod setUpdriver" time="0.0" classname="com.ap.ui.testcases.LoginTest">
    <skipped/>
  </testcase> <!-- @BeforeMethod setUpdriver -->
  <testcase name="@BeforeMethod setUpdriver" time="0.0" classname="com.ap.ui.testcases.SearchItemTest">
    <failure type="java.lang.NullPointerException">
      <![CDATA[java.lang.NullPointerException
	at com.ap.ui.base.TestBase.initialization(TestBase.java:40)
	at com.ap.ui.testcases.SearchItemTest.setUpdriver(SearchItemTest.java:26)
... Removed 27 stack frames]]>
    </failure>
  </testcase> <!-- @BeforeMethod setUpdriver -->
  <testcase name="testContact" time="0.0" classname="com.ap.ui.testcases.ContactTest">
    <skipped/>
  </testcase> <!-- testContact -->
  <testcase name="loginPageTitleTest" time="0.0" classname="com.ap.ui.testcases.LoginTest">
    <skipped/>
  </testcase> <!-- loginPageTitleTest -->
  <testcase name="apLogoTest" time="0.0" classname="com.ap.ui.testcases.LoginTest">
    <skipped/>
  </testcase> <!-- apLogoTest -->
  <testcase name="loginTest" time="0.0" classname="com.ap.ui.testcases.LoginTest">
    <skipped/>
  </testcase> <!-- loginTest -->
  <testcase name="testSearchItem" time="0.0" classname="com.ap.ui.testcases.SearchItemTest">
    <skipped/>
  </testcase> <!-- testSearchItem -->
</testsuite> <!-- Automation Practice App Test Cases -->
